e:\bitelesson\118_c++\c++\cplusplus\projects\7_30_c++入门+类和对象\7_30_c++入门+类和对象\x64\debug\vc143.pdb
e:\bitelesson\118_c++\c++\cplusplus\projects\7_30_c++入门+类和对象\7_30_c++入门+类和对象\x64\debug\test.obj
e:\bitelesson\118_c++\c++\cplusplus\projects\7_30_c++入门+类和对象\7_30_c++入门+类和对象\x64\debug\seqlist.obj
e:\bitelesson\118_c++\c++\cplusplus\projects\7_30_c++入门+类和对象\7_30_c++入门+类和对象\x64\debug\7_30_c++入门+类和对象.ilk
e:\bitelesson\118_c++\c++\cplusplus\projects\7_30_c++入门+类和对象\x64\debug\7_30_c++入门+类和对象.pdb
e:\bitelesson\118_c++\c++\cplusplus\projects\7_30_c++入门+类和对象\7_30_c++入门+类和对象\x64\debug\7_30_c++入门+类和对象.tlog\cl.command.1.tlog
e:\bitelesson\118_c++\c++\cplusplus\projects\7_30_c++入门+类和对象\7_30_c++入门+类和对象\x64\debug\7_30_c++入门+类和对象.tlog\cl.items.tlog
e:\bitelesson\118_c++\c++\cplusplus\projects\7_30_c++入门+类和对象\7_30_c++入门+类和对象\x64\debug\7_30_c++入门+类和对象.tlog\cl.read.1.tlog
e:\bitelesson\118_c++\c++\cplusplus\projects\7_30_c++入门+类和对象\7_30_c++入门+类和对象\x64\debug\7_30_c++入门+类和对象.tlog\cl.write.1.tlog
e:\bitelesson\118_c++\c++\cplusplus\projects\7_30_c++入门+类和对象\7_30_c++入门+类和对象\x64\debug\7_30_c++入门+类和对象.tlog\link.6420-cvtres.read.1.tlog
e:\bitelesson\118_c++\c++\cplusplus\projects\7_30_c++入门+类和对象\7_30_c++入门+类和对象\x64\debug\7_30_c++入门+类和对象.tlog\link.6420-cvtres.write.1.tlog
e:\bitelesson\118_c++\c++\cplusplus\projects\7_30_c++入门+类和对象\7_30_c++入门+类和对象\x64\debug\7_30_c++入门+类和对象.tlog\link.6420-rc.read.1.tlog
e:\bitelesson\118_c++\c++\cplusplus\projects\7_30_c++入门+类和对象\7_30_c++入门+类和对象\x64\debug\7_30_c++入门+类和对象.tlog\link.6420-rc.write.1.tlog
e:\bitelesson\118_c++\c++\cplusplus\projects\7_30_c++入门+类和对象\7_30_c++入门+类和对象\x64\debug\7_30_c++入门+类和对象.tlog\link.6420.read.1.tlog
e:\bitelesson\118_c++\c++\cplusplus\projects\7_30_c++入门+类和对象\7_30_c++入门+类和对象\x64\debug\7_30_c++入门+类和对象.tlog\link.6420.read.2.tlog
e:\bitelesson\118_c++\c++\cplusplus\projects\7_30_c++入门+类和对象\7_30_c++入门+类和对象\x64\debug\7_30_c++入门+类和对象.tlog\link.6420.read.3.tlog
e:\bitelesson\118_c++\c++\cplusplus\projects\7_30_c++入门+类和对象\7_30_c++入门+类和对象\x64\debug\7_30_c++入门+类和对象.tlog\link.6420.read.4.tlog
e:\bitelesson\118_c++\c++\cplusplus\projects\7_30_c++入门+类和对象\7_30_c++入门+类和对象\x64\debug\7_30_c++入门+类和对象.tlog\link.6420.write.1.tlog
e:\bitelesson\118_c++\c++\cplusplus\projects\7_30_c++入门+类和对象\7_30_c++入门+类和对象\x64\debug\7_30_c++入门+类和对象.tlog\link.command.1.tlog
e:\bitelesson\118_c++\c++\cplusplus\projects\7_30_c++入门+类和对象\7_30_c++入门+类和对象\x64\debug\7_30_c++入门+类和对象.tlog\link.read.1.tlog
e:\bitelesson\118_c++\c++\cplusplus\projects\7_30_c++入门+类和对象\7_30_c++入门+类和对象\x64\debug\7_30_c++入门+类和对象.tlog\link.secondary.1.tlog
e:\bitelesson\118_c++\c++\cplusplus\projects\7_30_c++入门+类和对象\7_30_c++入门+类和对象\x64\debug\7_30_c++入门+类和对象.tlog\link.write.1.tlog
